\BOOKMARK [0][-]{chapter*.1}{Resumen}{}% 1
\BOOKMARK [0][-]{chapter*.2}{Abstract}{}% 2
\BOOKMARK [0][-]{chapter*.5}{Lista de tablas}{}% 3
\BOOKMARK [0][-]{chapter*.6}{Lista de figuras}{}% 4
\BOOKMARK [0][-]{chapter.1}{Introducci\363n}{}% 5
\BOOKMARK [1][-]{section.1.1}{Problem\341tica}{chapter.1}% 6
\BOOKMARK [1][-]{section.1.2}{Objetivos}{chapter.1}% 7
\BOOKMARK [2][-]{subsection.1.2.1}{Objetivo general}{section.1.2}% 8
\BOOKMARK [2][-]{subsection.1.2.2}{Objetivos espec\355ficos}{section.1.2}% 9
\BOOKMARK [1][-]{section.1.3}{Justificaci\363n}{chapter.1}% 10
\BOOKMARK [1][-]{section.1.4}{Preguntas de investigaci\363n}{chapter.1}% 11
\BOOKMARK [1][-]{section.1.5}{Limitaciones y suposiciones}{chapter.1}% 12
\BOOKMARK [1][-]{section.1.6}{Organizaci\363n del documento}{chapter.1}% 13
\BOOKMARK [0][-]{chapter.2}{Esquema de fundamentos}{}% 14
\BOOKMARK [1][-]{section.2.1}{Transferencia de red \(handoff\)}{chapter.2}% 15
\BOOKMARK [1][-]{section.2.2}{Clasificaci\363n del handoff}{chapter.2}% 16
\BOOKMARK [2][-]{subsection.2.2.1}{Redes involucradas}{section.2.2}% 17
\BOOKMARK [2][-]{subsection.2.2.2}{N\372mero de conexiones}{section.2.2}% 18
\BOOKMARK [2][-]{subsection.2.2.3}{Control del handoff}{section.2.2}% 19
\BOOKMARK [1][-]{section.2.3}{Problem\341ticas que conlleva el handoff}{chapter.2}% 20
\BOOKMARK [1][-]{section.2.4}{Importancia del handoff}{chapter.2}% 21
\BOOKMARK [1][-]{section.2.5}{Estrategia de dise\361o crosslayer - Agregar}{chapter.2}% 22
\BOOKMARK [0][-]{chapter.3}{Trabajos relacionados}{}% 23
\BOOKMARK [1][-]{section.3.1}{Celular}{chapter.3}% 24
\BOOKMARK [1][-]{section.3.2}{WLAN - CONTINUAR}{chapter.3}% 25
\BOOKMARK [1][-]{section.3.3}{WSN - CONTINUAR}{chapter.3}% 26
\BOOKMARK [0][-]{chapter.4}{Metodologia de Investigaci\363n}{}% 27
\BOOKMARK [1][-]{section.4.1}{Metodolog\355a}{chapter.4}% 28
\BOOKMARK [1][-]{section.4.2}{Revisi\363n de Bibliograf\355a}{chapter.4}% 29
\BOOKMARK [1][-]{section.4.3}{An\341lisis de Mecanismos}{chapter.4}% 30
\BOOKMARK [1][-]{section.4.4}{Dise\361o de Soluci\363n}{chapter.4}% 31
\BOOKMARK [1][-]{section.4.5}{Implementaci\363n en Simulador}{chapter.4}% 32
\BOOKMARK [1][-]{section.4.6}{An\341lisis de Resultados}{chapter.4}% 33
\BOOKMARK [0][-]{chapter.5}{Desarrollo de protocolo de handoff}{}% 34
\BOOKMARK [0][-]{chapter.6}{Evaluaci\363n y an\341lisis de resultados}{}% 35
\BOOKMARK [0][-]{chapter.7}{Conclusiones y recomendaciones}{}% 36
\BOOKMARK [0][-]{appendix.Alph1}{Anexos}{}% 37
\BOOKMARK [0][-]{appendix.Alph1}{Bibliograf\355a}{}% 38
\BOOKMARK [1][-]{section*.8}{Referencias}{appendix.Alph1}% 39
